#
# There is insufficient memory for the Java Runtime Environment to continue.
# Native memory allocation (malloc) failed to allocate 1603296 bytes for Chunk::new
# Possible reasons:
#   The system is out of physical RAM or swap space
#   In 32 bit mode, the process size limit was hit
# Possible solutions:
#   Reduce memory load on the system
#   Increase physical memory or swap space
#   Check if swap backing store is full
#   Use 64 bit Java on a 64 bit OS
#   Decrease Java heap size (-Xmx/-Xms)
#   Decrease number of Java threads
#   Decrease Java thread stack sizes (-Xss)
#   Set larger code cache with -XX:ReservedCodeCacheSize=
# This output file may be truncated or incomplete.
#
#  Out of Memory Error (allocation.cpp:390), pid=776, tid=8404
#
# JRE version: Java(TM) SE Runtime Environment (8.0_91-b15) (build 1.8.0_91-b15)
# Java VM: Java HotSpot(TM) 64-Bit Server VM (25.91-b15 mixed mode windows-amd64 compressed oops)
# Failed to write core dump. Minidumps are not enabled by default on client versions of Windows
#

---------------  T H R E A D  ---------------

Current thread (0x0000000016532000):  JavaThread "C2 CompilerThread0" daemon [_thread_in_native, id=8404, stack(0x0000000017b60000,0x0000000017c60000)]

Stack: [0x0000000017b60000,0x0000000017c60000]
[error occurred during error reporting (printing stack bounds), id 0xc0000005]

Native frames: (J=compiled Java code, j=interpreted, Vv=VM code, C=native code)


Current CompileTask:
C2:   9927 3838   !   4       java.net.URLClassLoader$1::run (63 bytes)


---------------  P R O C E S S  ---------------

Java Threads: ( => current thread )
  0x0000000019548800 JavaThread "pool-2-thread-1" [_thread_blocked, id=10120, stack(0x000000001d2f0000,0x000000001d3f0000)]
  0x0000000019544000 JavaThread "File lock request listener" [_thread_in_native, id=4320, stack(0x000000001be20000,0x000000001bf20000)]
  0x0000000019088000 JavaThread "Stdin handler" [_thread_blocked, id=9328, stack(0x000000001ab50000,0x000000001ac50000)]
  0x0000000019087800 JavaThread "Asynchronous log dispatcher for DefaultDaemonConnection: socket connection from /127.0.0.1:52061 to /127.0.0.1:52062" [_thread_blocked, id=996, stack(0x000000001aa50000,0x000000001ab50000)]
  0x0000000019082000 JavaThread "Daemon worker" [_thread_in_Java, id=7212, stack(0x000000001a950000,0x000000001aa50000)]
  0x000000001907d800 JavaThread "Cancel handler" [_thread_blocked, id=3376, stack(0x000000001a850000,0x000000001a950000)]
  0x00000000192e9000 JavaThread "Handler for socket connection from /127.0.0.1:52061 to /127.0.0.1:52062" [_thread_in_native, id=9324, stack(0x000000001a750000,0x000000001a850000)]
  0x00000000192eb800 JavaThread "Daemon" [_thread_blocked, id=9612, stack(0x000000001a650000,0x000000001a750000)]
  0x0000000018ffd800 JavaThread "Incoming local TCP Connector on port 52061" [_thread_in_native, id=10304, stack(0x000000001a270000,0x000000001a370000)]
  0x00000000196ff800 JavaThread "pool-1-thread-1" [_thread_blocked, id=628, stack(0x0000000019f70000,0x000000001a070000)]
  0x000000001658d800 JavaThread "Service Thread" daemon [_thread_blocked, id=4964, stack(0x0000000018260000,0x0000000018360000)]
  0x0000000016537800 JavaThread "C1 CompilerThread2" daemon [_thread_blocked, id=6852, stack(0x0000000017d60000,0x0000000017e60000)]
  0x0000000016534800 JavaThread "C2 CompilerThread1" daemon [_thread_in_native, id=5376, stack(0x0000000017c60000,0x0000000017d60000)]
=>0x0000000016532000 JavaThread "C2 CompilerThread0" daemon [_thread_in_native, id=8404, stack(0x0000000017b60000,0x0000000017c60000)]
  0x0000000016530000 JavaThread "Attach Listener" daemon [_thread_blocked, id=10920, stack(0x0000000017a60000,0x0000000017b60000)]
  0x000000001652d000 JavaThread "Signal Dispatcher" daemon [_thread_blocked, id=744, stack(0x0000000017960000,0x0000000017a60000)]
  0x000000001651a800 JavaThread "Finalizer" daemon [_thread_blocked, id=9684, stack(0x0000000017780000,0x0000000017880000)]
  0x0000000002adf800 JavaThread "Reference Handler" daemon [_thread_blocked, id=4872, stack(0x0000000017680000,0x0000000017780000)]
  0x0000000002bbe000 JavaThread "main" [_thread_blocked, id=4040, stack(0x00000000028b0000,0x00000000029b0000)]

Other Threads:
  0x00000000164f7800 VMThread [stack: 0x0000000017580000,0x0000000017680000] [id=4188]
  0x0000000017eac800 WatcherThread [stack: 0x0000000018360000,0x0000000018460000] [id=6956]

VM state:not at safepoint (normal execution)

VM Mutex/Monitor currently owned by a thread: None

Heap:
 PSYoungGen      total 72192K, used 16354K [0x00000000e0000000, 0x00000000e6280000, 0x0000000100000000)
  eden space 60928K, 26% used [0x00000000e0000000,0x00000000e0ff8be0,0x00000000e3b80000)
  from space 11264K, 0% used [0x00000000e5780000,0x00000000e5780000,0x00000000e6280000)
  to   space 9216K, 0% used [0x00000000e3b80000,0x00000000e3b80000,0x00000000e4480000)
 ParOldGen       total 38400K, used 14835K [0x00000000a0000000, 0x00000000a2580000, 0x00000000e0000000)
  object space 38400K, 38% used [0x00000000a0000000,0x00000000a0e7ce08,0x00000000a2580000)
 Metaspace       used 36038K, capacity 36868K, committed 37208K, reserved 1081344K
  class space    used 4976K, capacity 5198K, committed 5248K, reserved 1048576K

Card table byte_map: [0x0000000011f80000,0x0000000012290000] byte_map_base: 0x0000000011a80000

Marking Bits: (ParMarkBitMap*) 0x0000000062b92f70
 Begin Bits: [0x0000000012890000, 0x0000000014090000)
 End Bits:   [0x0000000014090000, 0x0000000015890000)

Polling page: 0x0000000001100000

CodeCache: size=245760Kb used=13722Kb max_used=13722Kb free=232037Kb
 bounds [0x0000000002bc0000, 0x0000000003940000, 0x0000000011bc0000]
 total_blobs=4333 nmethods=3637 adapters=607
 compilation: enabled

Compilation events (10 events):
Event: 9.841 Thread 0x0000000016537800 3836   !   3       org.gradle.internal.service.DefaultServiceRegistry$FactoryMethodService::invokeMethod (146 bytes)
Event: 9.841 Thread 0x0000000016534800 3837       4       org.codehaus.groovy.reflection.CachedMethod::isStatic (8 bytes)
Event: 9.842 Thread 0x0000000016534800 nmethod 3837 0x000000000390d310 code [0x000000000390d440, 0x000000000390d4d8]
Event: 9.843 Thread 0x0000000016532000 3838   !   4       java.net.URLClassLoader$1::run (63 bytes)
Event: 9.844 Thread 0x0000000016537800 nmethod 3836 0x000000000392e910 code [0x000000000392ed40, 0x00000000039315c8]
Event: 9.847 Thread 0x0000000016534800 3839       4       groovy.lang.MetaClassImpl::filterPropertyMethod (305 bytes)
Event: 9.887 Thread 0x0000000016537800 3841       3       sun.reflect.annotation.AnnotationInvocationHandler::<init> (56 bytes)
Event: 9.888 Thread 0x0000000016537800 nmethod 3841 0x000000000392df10 code [0x000000000392e0c0, 0x000000000392e6e8]
Event: 9.916 Thread 0x0000000016537800 3842       3       java.util.jar.Manifest::toLower (24 bytes)
Event: 9.916 Thread 0x0000000016537800 nmethod 3842 0x0000000003914e10 code [0x0000000003914f60, 0x0000000003915150]

GC Heap History (10 events):
Event: 6.210 GC heap before
{Heap before GC invocations=10 (full 1):
 PSYoungGen      total 53760K, used 53454K [0x00000000e0000000, 0x00000000e4d80000, 0x0000000100000000)
  eden space 48128K, 100% used [0x00000000e0000000,0x00000000e2f00000,0x00000000e2f00000)
  from space 5632K, 94% used [0x00000000e4800000,0x00000000e4d33860,0x00000000e4d80000)
  to   space 8192K, 0% used [0x00000000e3d80000,0x00000000e3d80000,0x00000000e4580000)
 ParOldGen       total 38400K, used 9580K [0x00000000a0000000, 0x00000000a2580000, 0x00000000e0000000)
  object space 38400K, 24% used [0x00000000a0000000,0x00000000a095b2a0,0x00000000a2580000)
 Metaspace       used 27027K, capacity 27636K, committed 27904K, reserved 1073152K
  class space    used 3850K, capacity 4019K, committed 4096K, reserved 1048576K
Event: 6.219 GC heap after
Heap after GC invocations=10 (full 1):
 PSYoungGen      total 68608K, used 7066K [0x00000000e0000000, 0x00000000e4d00000, 0x0000000100000000)
  eden space 61440K, 0% used [0x00000000e0000000,0x00000000e0000000,0x00000000e3c00000)
  from space 7168K, 98% used [0x00000000e3d80000,0x00000000e4466b98,0x00000000e4480000)
  to   space 8704K, 0% used [0x00000000e4480000,0x00000000e4480000,0x00000000e4d00000)
 ParOldGen       total 38400K, used 9588K [0x00000000a0000000, 0x00000000a2580000, 0x00000000e0000000)
  object space 38400K, 24% used [0x00000000a0000000,0x00000000a095d2a0,0x00000000a2580000)
 Metaspace       used 27027K, capacity 27636K, committed 27904K, reserved 1073152K
  class space    used 3850K, capacity 4019K, committed 4096K, reserved 1048576K
}
Event: 7.943 GC heap before
{Heap before GC invocations=11 (full 1):
 PSYoungGen      total 68608K, used 68506K [0x00000000e0000000, 0x00000000e4d00000, 0x0000000100000000)
  eden space 61440K, 100% used [0x00000000e0000000,0x00000000e3c00000,0x00000000e3c00000)
  from space 7168K, 98% used [0x00000000e3d80000,0x00000000e4466b98,0x00000000e4480000)
  to   space 8704K, 0% used [0x00000000e4480000,0x00000000e4480000,0x00000000e4d00000)
 ParOldGen       total 38400K, used 9588K [0x00000000a0000000, 0x00000000a2580000, 0x00000000e0000000)
  object space 38400K, 24% used [0x00000000a0000000,0x00000000a095d2a0,0x00000000a2580000)
 Metaspace       used 30256K, capacity 30926K, committed 31104K, reserved 1075200K
  class space    used 4224K, capacity 4413K, committed 4480K, reserved 1048576K
Event: 7.969 GC heap after
Heap after GC invocations=11 (full 1):
 PSYoungGen      total 69632K, used 7747K [0x00000000e0000000, 0x00000000e5f00000, 0x0000000100000000)
  eden space 60928K, 0% used [0x00000000e0000000,0x00000000e0000000,0x00000000e3b80000)
  from space 8704K, 89% used [0x00000000e4480000,0x00000000e4c10d48,0x00000000e4d00000)
  to   space 9216K, 0% used [0x00000000e3b80000,0x00000000e3b80000,0x00000000e4480000)
 ParOldGen       total 38400K, used 9660K [0x00000000a0000000, 0x00000000a2580000, 0x00000000e0000000)
  object space 38400K, 25% used [0x00000000a0000000,0x00000000a096f2b0,0x00000000a2580000)
 Metaspace       used 30256K, capacity 30926K, committed 31104K, reserved 1075200K
  class space    used 4224K, capacity 4413K, committed 4480K, reserved 1048576K
}
Event: 9.420 GC heap before
{Heap before GC invocations=12 (full 1):
 PSYoungGen      total 69632K, used 68675K [0x00000000e0000000, 0x00000000e5f00000, 0x0000000100000000)
  eden space 60928K, 100% used [0x00000000e0000000,0x00000000e3b80000,0x00000000e3b80000)
  from space 8704K, 89% used [0x00000000e4480000,0x00000000e4c10d48,0x00000000e4d00000)
  to   space 9216K, 0% used [0x00000000e3b80000,0x00000000e3b80000,0x00000000e4480000)
 ParOldGen       total 38400K, used 9660K [0x00000000a0000000, 0x00000000a2580000, 0x00000000e0000000)
  object space 38400K, 25% used [0x00000000a0000000,0x00000000a096f2b0,0x00000000a2580000)
 Metaspace       used 34496K, capacity 35258K, committed 35416K, reserved 1079296K
  class space    used 4767K, capacity 4967K, committed 4992K, reserved 1048576K
Event: 9.440 GC heap after
Heap after GC invocations=12 (full 1):
 PSYoungGen      total 70144K, used 9196K [0x00000000e0000000, 0x00000000e6280000, 0x0000000100000000)
  eden space 60928K, 0% used [0x00000000e0000000,0x00000000e0000000,0x00000000e3b80000)
  from space 9216K, 99% used [0x00000000e3b80000,0x00000000e447b000,0x00000000e4480000)
  to   space 11264K, 0% used [0x00000000e5780000,0x00000000e5780000,0x00000000e6280000)
 ParOldGen       total 38400K, used 11784K [0x00000000a0000000, 0x00000000a2580000, 0x00000000e0000000)
  object space 38400K, 30% used [0x00000000a0000000,0x00000000a0b82178,0x00000000a2580000)
 Metaspace       used 34496K, capacity 35258K, committed 35416K, reserved 1079296K
  class space    used 4767K, capacity 4967K, committed 4992K, reserved 1048576K
}
Event: 9.456 GC heap before
{Heap before GC invocations=13 (full 1):
 PSYoungGen      total 70144K, used 10422K [0x00000000e0000000, 0x00000000e6280000, 0x0000000100000000)
  eden space 60928K, 2% used [0x00000000e0000000,0x00000000e0132878,0x00000000e3b80000)
  from space 9216K, 99% used [0x00000000e3b80000,0x00000000e447b000,0x00000000e4480000)
  to   space 11264K, 0% used [0x00000000e5780000,0x00000000e5780000,0x00000000e6280000)
 ParOldGen       total 38400K, used 11784K [0x00000000a0000000, 0x00000000a2580000, 0x00000000e0000000)
  object space 38400K, 30% used [0x00000000a0000000,0x00000000a0b82178,0x00000000a2580000)
 Metaspace       used 34573K, capacity 35322K, committed 35416K, reserved 1079296K
  class space    used 4777K, capacity 4967K, committed 4992K, reserved 1048576K
Event: 9.474 GC heap after
Heap after GC invocations=13 (full 1):
 PSYoungGen      total 72192K, used 8315K [0x00000000e0000000, 0x00000000e6280000, 0x0000000100000000)
  eden space 60928K, 0% used [0x00000000e0000000,0x00000000e0000000,0x00000000e3b80000)
  from space 11264K, 73% used [0x00000000e5780000,0x00000000e5f9ed38,0x00000000e6280000)
  to   space 9216K, 0% used [0x00000000e3b80000,0x00000000e3b80000,0x00000000e4480000)
 ParOldGen       total 38400K, used 11792K [0x00000000a0000000, 0x00000000a2580000, 0x00000000e0000000)
  object space 38400K, 30% used [0x00000000a0000000,0x00000000a0b84178,0x00000000a2580000)
 Metaspace       used 34573K, capacity 35322K, committed 35416K, reserved 1079296K
  class space    used 4777K, capacity 4967K, committed 4992K, reserved 1048576K
}
Event: 9.474 GC heap before
{Heap before GC invocations=14 (full 2):
 PSYoungGen      total 72192K, used 8315K [0x00000000e0000000, 0x00000000e6280000, 0x0000000100000000)
  eden space 60928K, 0% used [0x00000000e0000000,0x00000000e0000000,0x00000000e3b80000)
  from space 11264K, 73% used [0x00000000e5780000,0x00000000e5f9ed38,0x00000000e6280000)
  to   space 9216K, 0% used [0x00000000e3b80000,0x00000000e3b80000,0x00000000e4480000)
 ParOldGen       total 38400K, used 11792K [0x00000000a0000000, 0x00000000a2580000, 0x00000000e0000000)
  object space 38400K, 30% used [0x00000000a0000000,0x00000000a0b84178,0x00000000a2580000)
 Metaspace       used 34573K, capacity 35322K, committed 35416K, reserved 1079296K
  class space    used 4777K, capacity 4967K, committed 4992K, reserved 1048576K
Event: 9.599 GC heap after
Heap after GC invocations=14 (full 2):
 PSYoungGen      total 72192K, used 0K [0x00000000e0000000, 0x00000000e6280000, 0x0000000100000000)
  eden space 60928K, 0% used [0x00000000e0000000,0x00000000e0000000,0x00000000e3b80000)
  from space 11264K, 0% used [0x00000000e5780000,0x00000000e5780000,0x00000000e6280000)
  to   space 9216K, 0% used [0x00000000e3b80000,0x00000000e3b80000,0x00000000e4480000)
 ParOldGen       total 38400K, used 14835K [0x00000000a0000000, 0x00000000a2580000, 0x00000000e0000000)
  object space 38400K, 38% used [0x00000000a0000000,0x00000000a0e7ce08,0x00000000a2580000)
 Metaspace       used 34573K, capacity 35322K, committed 35416K, reserved 1079296K
  class space    used 4777K, capacity 4967K, committed 4992K, reserved 1048576K
}

Deoptimization events (10 events):
Event: 7.914 Thread 0x0000000019082000 Uncommon trap: reason=unstable_if action=reinterpret pc=0x000000000340f70c method=org.codehaus.groovy.reflection.CachedMethod.compareToMethod(Ljava/lang/reflect/Method;)I @ 111
Event: 8.424 Thread 0x0000000019082000 Uncommon trap: reason=unstable_if action=reinterpret pc=0x000000000357bf50 method=java.lang.Integer.valueOf(I)Ljava/lang/Integer; @ 3
Event: 8.449 Thread 0x0000000019082000 Uncommon trap: reason=bimorphic action=maybe_recompile pc=0x0000000003732928 method=java.security.MessageDigest$Delegate.engineUpdate([BII)V @ 7
Event: 8.449 Thread 0x0000000019082000 Uncommon trap: reason=bimorphic action=maybe_recompile pc=0x0000000003732928 method=java.security.MessageDigest$Delegate.engineUpdate([BII)V @ 7
Event: 8.449 Thread 0x0000000019082000 Uncommon trap: reason=bimorphic action=maybe_recompile pc=0x0000000003734dcc method=sun.security.provider.DigestBase.engineUpdate([BII)V @ 128
Event: 8.827 Thread 0x0000000019082000 Uncommon trap: reason=unstable_if action=reinterpret pc=0x0000000003456fd0 method=java.util.HashMap.putVal(ILjava/lang/Object;Ljava/lang/Object;ZZ)Ljava/lang/Object; @ 162
Event: 8.827 Thread 0x0000000019082000 Uncommon trap: reason=unstable_if action=reinterpret pc=0x00000000033bbe7c method=java.util.HashMap.putVal(ILjava/lang/Object;Ljava/lang/Object;ZZ)Ljava/lang/Object; @ 162
Event: 8.827 Thread 0x0000000019082000 Uncommon trap: reason=unstable_if action=reinterpret pc=0x0000000002e7e204 method=java.util.HashMap.resize()[Ljava/util/HashMap$Node; @ 206
Event: 8.994 Thread 0x0000000019082000 Uncommon trap: reason=unstable_if action=reinterpret pc=0x000000000380ccf0 method=java.lang.reflect.Modifier.toString(I)Ljava/lang/String; @ 123
Event: 8.994 Thread 0x0000000019082000 Uncommon trap: reason=unstable_if action=reinterpret pc=0x00000000037f81d8 method=java.lang.reflect.Modifier.toString(I)Ljava/lang/String; @ 123

Internal exceptions (10 events):
Event: 8.010 Thread 0x0000000019082000 Exception <a 'java/lang/ClassNotFoundException': build_3kr12e3ap5xk89x4fzxp33584Customizer> (0x00000000e00cd0b0) thrown at [C:\re\workspace\8-2-build-windows-amd64-cygwin\jdk8u91\7017\hotspot\src\share\vm\classfile\systemDictionary.cpp, line 210]
Event: 8.304 Thread 0x0000000019082000 Exception <a 'sun/nio/fs/WindowsException'> (0x00000000e0ad9c58) thrown at [C:\re\workspace\8-2-build-windows-amd64-cygwin\jdk8u91\7017\hotspot\src\share\vm\prims\jni.cpp, line 709]
Event: 9.787 Thread 0x0000000019082000 Exception <a 'java/lang/ClassNotFoundException': com/android/build/gradle/internal/api/DefaultAndroidSourceSet_DecoratedBeanInfo> (0x00000000e0894250) thrown at [C:\re\workspace\8-2-build-windows-amd64-cygwin\jdk8u91\7017\hotspot\src\share\vm\classfile\sys;ﬁ®ésì#@
Event: 9.788 Thread 0x0000000019082000 Exception <a 'java/lang/ClassNotFoundException': com/android/build/gradle/internal/api/DefaultAndroidSourceSetBeanInfo> (0x00000000e08a8ae0) thrown at [C:\re\workspace\8-2-build-windows-amd64-cygwin\jdk8u91\7017\hotspot\src\share\vm\classfile\systemDiction °F¸£ì#@
Event: 9.788 Thread 0x0000000019082000 Exception <a 'java/lang/ClassNotFoundException': com/android/build/gradle/internal/api/DefaultAndroidSourceSetCustomizer> (0x00000000e08bd6e0) thrown at [C:\re\workspace\8-2-build-windows-amd64-cygwin\jdk8u91\7017\hotspot\src\share\vm\classfile\systemDictiì∂)ˇ¸î#@
Event: 9.791 Thread 0x0000000019082000 Exception <a 'java/lang/ClassNotFoundException': com/android/build/gradle/internal/api/DefaultAndroidSourceSet_DecoratedCustomizer> (0x00000000e0910810) thrown at [C:\re\workspace\8-2-build-windows-amd64-cygwin\jdk8u91\7017\hotspot\src\share\vm\classfile\sh⁄B∞#@
Event: 9.844 Thread 0x0000000019082000 Exception <a 'java/lang/ClassNotFoundException': org/gradle/api/plugins/BasePluginConventionBeanInfo> (0x00000000e0bd5a30) thrown at [C:\re\workspace\8-2-build-windows-amd64-cygwin\jdk8u91\7017\hotspot\src\share\vm\classfile\systemDictionary.cpp, line 210]z
®√¸∞#@
Event: 9.846 Thread 0x0000000019082000 Exception <a 'java/lang/ClassNotFoundException': org/gradle/api/plugins/BasePluginConventionCustomizer> (0x00000000e0c0b548) thrown at [C:\re\workspace\8-2-build-windows-amd64-cygwin\jdk8u91\7017\hotspot\src\share\vm\classfile\systemDictionary.cpp, line 21†!§Mç¥#@
Event: 9.853 Thread 0x0000000019082000 Exception <a 'java/lang/ClassNotFoundException': org/gradle/api/plugins/JavaPluginConventionBeanInfo> (0x00000000e0c7e5d0) thrown at [C:\re\workspace\8-2-build-windows-amd64-cygwin\jdk8u91\7017\hotspot\src\share\vm\classfile\systemDictionary.cpp, line 210]
Event: 9.854 Thread 0x0000000019082000 Exception <a 'java/lang/ClassNotFoundException': org/gradle/api/plugins/JavaPluginConventionCustomizer> (0x00000000e0cb4168) thrown at [C:\re\workspace\8-2-build-windows-amd64-cygwin\jdk8u91\7017\hotspot\src\share\vm\classfile\systemDictionary.cpp, line 21WÔëbÊ @

Events (10 events):
Event: 9.886 loading class org/gradle/tooling/BuildException
Event: 9.886 loading class org/gradle/tooling/BuildException done
Event: 9.895 loading class java/security/KeyStore
Event: 9.896 loading class java/security/KeyStore done
Event: 9.896 loading class java/security/KeyStore$1
Event: 9.897 loading class java/security/KeyStore$1 done
Event: 9.897 loading class com/android/ide/common/signing/KeystoreHelper
Event: 9.897 loading class com/android/ide/common/signing/KeystoreHelper done
Event: 9.898 loading class org/bouncycastle/operator/OperatorCreationException
Event: 9.898 loading class org/bouncycastle/operator/OperatorCreationException done


Dynamic libraries:
0x00007ff750d30000 - 0x00007ff750d67000 	C:\Program Files\Java\jdk1.8.0_91\bin\java.exe
0x00007ffd54ac0000 - 0x00007ffd54c81000 	C:\WINDOWS\SYSTEM32\ntdll.dll
0x00007ffd51ec0000 - 0x00007ffd51f6d000 	C:\WINDOWS\system32\KERNEL32.DLL
0x00007ffd51900000 - 0x00007ffd51ae8000 	C:\WINDOWS\system32\KERNELBASE.dll
0x00007ffd53c10000 - 0x00007ffd53cb7000 	C:\WINDOWS\system32\ADVAPI32.dll
0x00007ffd53cc0000 - 0x00007ffd53d5d000 	C:\WINDOWS\system32\msvcrt.dll
0x00007ffd54370000 - 0x00007ffd543cb000 	C:\WINDOWS\system32\sechost.dll
0x00007ffd52040000 - 0x00007ffd5215d000 	C:\WINDOWS\system32\RPCRT4.dll
0x00007ffd52200000 - 0x00007ffd52356000 	C:\WINDOWS\system32\USER32.dll
0x00007ffd52370000 - 0x00007ffd524f7000 	C:\WINDOWS\system32\GDI32.dll
0x00007ffd41070000 - 0x00007ffd412e4000 	C:\WINDOWS\WinSxS\amd64_microsoft.windows.common-controls_6595b64144ccf1df_6.0.10586.839_none_a2ddba30a539a2ae\COMCTL32.dll
0x00007ffd54430000 - 0x00007ffd546ae000 	C:\WINDOWS\system32\combase.dll
0x00007ffd51220000 - 0x00007ffd5128a000 	C:\WINDOWS\system32\bcryptPrimitives.dll
0x00007ffd546b0000 - 0x00007ffd546eb000 	C:\WINDOWS\system32\IMM32.DLL
0x0000000062db0000 - 0x0000000062e82000 	C:\Program Files\Java\jdk1.8.0_91\jre\bin\msvcr100.dll
0x0000000062380000 - 0x0000000062c13000 	C:\Program Files\Java\jdk1.8.0_91\jre\bin\server\jvm.dll
0x00007ffd53dd0000 - 0x00007ffd53dd8000 	C:\WINDOWS\system32\PSAPI.DLL
0x00007ffd4f420000 - 0x00007ffd4f443000 	C:\WINDOWS\SYSTEM32\WINMM.dll
0x00007ffd4bef0000 - 0x00007ffd4befa000 	C:\WINDOWS\SYSTEM32\VERSION.dll
0x00007ffd4bb70000 - 0x00007ffd4bb79000 	C:\WINDOWS\SYSTEM32\WSOCK32.dll
0x00007ffd53d60000 - 0x00007ffd53dcb000 	C:\WINDOWS\system32\WS2_32.dll
0x00007ffd4f3c0000 - 0x00007ffd4f3ec000 	C:\WINDOWS\SYSTEM32\WINMMBASE.dll
0x00007ffd51170000 - 0x00007ffd511b3000 	C:\WINDOWS\system32\cfgmgr32.dll
0x0000000062da0000 - 0x0000000062daf000 	C:\Program Files\Java\jdk1.8.0_91\jre\bin\verify.dll
0x0000000062d70000 - 0x0000000062d99000 	C:\Program Files\Java\jdk1.8.0_91\jre\bin\java.dll
0x0000000062d50000 - 0x0000000062d66000 	C:\Program Files\Java\jdk1.8.0_91\jre\bin\zip.dll
0x00007ffd52560000 - 0x00007ffd53abc000 	C:\WINDOWS\system32\SHELL32.dll
0x00007ffd512b0000 - 0x00007ffd518f5000 	C:\WINDOWS\system32\windows.storage.dll
0x00007ffd543d0000 - 0x00007ffd54422000 	C:\WINDOWS\system32\shlwapi.dll
0x00007ffd51130000 - 0x00007ffd5113f000 	C:\WINDOWS\system32\kernel.appcore.dll
0x00007ffd51c30000 - 0x00007ffd51ce5000 	C:\WINDOWS\system32\shcore.dll
0x00007ffd510e0000 - 0x00007ffd5112b000 	C:\WINDOWS\system32\powrprof.dll
0x00007ffd51150000 - 0x00007ffd51164000 	C:\WINDOWS\system32\profapi.dll
0x0000000062d30000 - 0x0000000062d4a000 	C:\Program Files\Java\jdk1.8.0_91\jre\bin\net.dll
0x00007ffd509b0000 - 0x00007ffd50a0c000 	C:\WINDOWS\system32\mswsock.dll
0x0000000062d10000 - 0x0000000062d21000 	C:\Program Files\Java\jdk1.8.0_91\jre\bin\nio.dll
0x00007ffd41970000 - 0x00007ffd4198e000 	C:\Users\The Dough Boys\.gradle\native\23\windows-amd64\native-platform.dll
0x00007ffd50a60000 - 0x00007ffd50a77000 	C:\WINDOWS\SYSTEM32\CRYPTSP.dll
0x00007ffd506f0000 - 0x00007ffd50724000 	C:\WINDOWS\system32\rsaenh.dll
0x00007ffd51010000 - 0x00007ffd51039000 	C:\WINDOWS\SYSTEM32\bcrypt.dll
0x00007ffd50840000 - 0x00007ffd5085f000 	C:\WINDOWS\SYSTEM32\USERENV.dll
0x00007ffd50b80000 - 0x00007ffd50b8b000 	C:\WINDOWS\SYSTEM32\CRYPTBASE.dll
0x00007ffd4bb30000 - 0x00007ffd4bb68000 	C:\WINDOWS\SYSTEM32\IPHLPAPI.DLL
0x00007ffd52160000 - 0x00007ffd52168000 	C:\WINDOWS\system32\NSI.dll
0x00007ffd4aca0000 - 0x00007ffd4acb6000 	C:\WINDOWS\SYSTEM32\dhcpcsvc6.DLL
0x00007ffd4ad60000 - 0x00007ffd4ad7a000 	C:\WINDOWS\SYSTEM32\dhcpcsvc.DLL
0x0000000062d00000 - 0x0000000062d0d000 	C:\Program Files\Java\jdk1.8.0_91\jre\bin\management.dll

VM Arguments:
jvm_args: -Xmx1536m -Dfile.encoding=windows-1252 -Duser.country=US -Duser.language=en -Duser.variant 
java_command: org.gradle.launcher.daemon.bootstrap.GradleDaemon 3.3
java_class_path (initial): C:\Users\The Dough Boys\.gradle\wrapper\dists\gradle-3.3-all\55gk2rcmfc6p2dg9u9ohc3hw9\gradle-3.3\lib\gradle-launcher-3.3.jar
Launcher Type: SUN_STANDARD

Environment Variables:
JAVA_HOME=C:\Program Files\Java\jdk1.8.0_91
PATH=C:\ProgramData\Oracle\Java\javapath;c:\Program Files (x86)\Intel\iCLS Client\;c:\Program Files\Intel\iCLS Client\;C:\WINDOWS\system32;C:\WINDOWS;C:\WINDOWS\System32\Wbem;C:\WINDOWS\System32\WindowsPowerShell\v1.0\;C:\Program Files\Intel\Intel(R) Management Engine Components\DAL;C:\Program Files\Intel\Intel(R) Management Engine Components\IPT;C:\Program Files (x86)\Intel\Intel(R) Management Engine Components\DAL;C:\Program Files (x86)\Intel\Intel(R) Management Engine Components\IPT;C:\Program Files (x86)\Intel\OpenCL SDK\2.0\bin\x86;C:\Program Files (x86)\Intel\OpenCL SDK\2.0\bin\x64;C:\Program Files (x86)\Windows Live\Shared;C:\Program Files (x86)\Skype\Phone\;C:\Program Files (x86)\QuickTime\QTSystem\;C:\Program Files\Git\cmd;C:\Users\The Dough Boys\Anaconda3;C:\Users\The Dough Boys\Anaconda3\Scripts;C:\Users\The Dough Boys\Anaconda3\Library\bin;C:\Users\The Dough Boys\AppData\Local\Programs\Python\Python35-32\Scripts\;C:\Users\The Dough Boys\AppData\Local\Programs\Python\Python35-32\;C:\Users\The Dough Boys\AppData\Local\GitHubDesktop\bin;C:\Program Files\gradle-4.2.1-bin\gradle-4.2.1\bin
USERNAME=The Dough Boys
OS=Windows_NT
PROCESSOR_IDENTIFIER=Intel64 Family 6 Model 58 Stepping 9, GenuineIntel



---------------  S Y S T E M  ---------------

OS: Windows 10.0 , 64 bit Build 10586 (10.0.10586.589)

CPU:total 4 (2 cores per cpu, 2 threads per core) family 6 model 58 stepping 9, cmov, cx8, fxsr, mmx, sse, sse2, sse3, ssse3, sse4.1, sse4.2, popcnt, avx, aes, clmul, erms, ht, tsc, tscinvbit, tscinv

Memory: 4k page, physical 4077148k(463956k free), swap 8924636k(4812k free)

vm_info: Java HotSpot(TM) 64-Bit Server VM (25.91-b15) for windows-amd64 JRE (1.8.0_91-b15), built on May 20 2016 17:43:15 by "java_re" with MS VC++ 10.0 (VS2010)

time: Mon Nov 06 14:21:17 2017
elapsed time: 9 seconds (0d 0h 0m 9s)

