#
# There is insufficient memory for the Java Runtime Environment to continue.
# Native memory allocation (malloc) failed to allocate 1937696 bytes for Chunk::new
# Possible reasons:
#   The system is out of physical RAM or swap space
#   In 32 bit mode, the process size limit was hit
# Possible solutions:
#   Reduce memory load on the system
#   Increase physical memory or swap space
#   Check if swap backing store is full
#   Use 64 bit Java on a 64 bit OS
#   Decrease Java heap size (-Xmx/-Xms)
#   Decrease number of Java threads
#   Decrease Java thread stack sizes (-Xss)
#   Set larger code cache with -XX:ReservedCodeCacheSize=
# This output file may be truncated or incomplete.
#
#  Out of Memory Error (allocation.cpp:390), pid=4452, tid=8420
#
# JRE version: Java(TM) SE Runtime Environment (8.0_91-b15) (build 1.8.0_91-b15)
# Java VM: Java HotSpot(TM) 64-Bit Server VM (25.91-b15 mixed mode windows-amd64 compressed oops)
# Failed to write core dump. Minidumps are not enabled by default on client versions of Windows
#

---------------  T H R E A D  ---------------

Current thread (0x0000000016591000):  JavaThread "C2 CompilerThread1" daemon [_thread_in_native, id=8420, stack(0x0000000017cd0000,0x0000000017dd0000)]

Stack: [0x0000000017cd0000,0x0000000017dd0000]
[error occurred during error reporting (printing stack bounds), id 0xc0000005]

Native frames: (J=compiled Java code, j=interpreted, Vv=VM code, C=native code)


Current CompileTask:
C2:   7726 1508       4       java.net.URLClassLoader$1::run (5 bytes)


---------------  P R O C E S S  ---------------

Java Threads: ( => current thread )
  0x00000000192b5000 JavaThread "File lock request listener" [_thread_in_native, id=9556, stack(0x000000001be90000,0x000000001bf90000)]
  0x0000000017ee6000 JavaThread "Stdin handler" [_thread_blocked, id=9344, stack(0x000000001abc0000,0x000000001acc0000)]
  0x000000001941c800 JavaThread "Asynchronous log dispatcher for DefaultDaemonConnection: socket connection from /127.0.0.1:51428 to /127.0.0.1:51431" [_thread_blocked, id=7316, stack(0x000000001aac0000,0x000000001abc0000)]
  0x0000000019415800 JavaThread "Daemon worker" [_thread_in_native, id=7992, stack(0x000000001a9c0000,0x000000001aac0000)]
  0x00000000188ad000 JavaThread "Cancel handler" [_thread_blocked, id=2644, stack(0x000000001a8c0000,0x000000001a9c0000)]
  0x00000000192e0000 JavaThread "Handler for socket connection from /127.0.0.1:51428 to /127.0.0.1:51431" [_thread_in_native, id=5532, stack(0x000000001a7c0000,0x000000001a8c0000)]
  0x00000000192df000 JavaThread "Daemon" [_thread_blocked, id=7616, stack(0x000000001a6c0000,0x000000001a7c0000)]
  0x0000000019288000 JavaThread "Incoming local TCP Connector on port 51428" [_thread_in_native, id=3088, stack(0x000000001a2e0000,0x000000001a3e0000)]
  0x0000000018f32800 JavaThread "pool-1-thread-1" [_thread_blocked, id=10436, stack(0x0000000019fe0000,0x000000001a0e0000)]
  0x0000000017f01000 JavaThread "Service Thread" daemon [_thread_blocked, id=8040, stack(0x00000000182d0000,0x00000000183d0000)]
  0x00000000165a0800 JavaThread "C1 CompilerThread2" daemon [_thread_blocked, id=11128, stack(0x0000000017dd0000,0x0000000017ed0000)]
=>0x0000000016591000 JavaThread "C2 CompilerThread1" daemon [_thread_in_native, id=8420, stack(0x0000000017cd0000,0x0000000017dd0000)]
  0x000000001658e800 JavaThread "C2 CompilerThread0" daemon [_thread_in_native, id=1452, stack(0x0000000017bd0000,0x0000000017cd0000)]
  0x000000001658c000 JavaThread "Attach Listener" daemon [_thread_blocked, id=5816, stack(0x0000000017ad0000,0x0000000017bd0000)]
  0x000000001658b000 JavaThread "Signal Dispatcher" daemon [_thread_blocked, id=8416, stack(0x00000000179d0000,0x0000000017ad0000)]
  0x000000001657a800 JavaThread "Finalizer" daemon [_thread_blocked, id=7648, stack(0x00000000177f0000,0x00000000178f0000)]
  0x0000000002c0f800 JavaThread "Reference Handler" daemon [_thread_blocked, id=9528, stack(0x00000000176f0000,0x00000000177f0000)]
  0x00000000028fe000 JavaThread "main" [_thread_blocked, id=3960, stack(0x0000000002a20000,0x0000000002b20000)]

Other Threads:
  0x0000000016558000 VMThread [stack: 0x00000000175f0000,0x00000000176f0000] [id=2208]
  0x00000000165ee800 WatcherThread [stack: 0x00000000183d0000,0x00000000184d0000] [id=6036]

VM state:not at safepoint (normal execution)

VM Mutex/Monitor currently owned by a thread: None

Heap:
 PSYoungGen      total 35328K, used 5308K [0x00000000e0000000, 0x00000000e4e00000, 0x0000000100000000)
  eden space 32768K, 8% used [0x00000000e0000000,0x00000000e02b7380,0x00000000e2000000)
  from space 2560K, 98% used [0x00000000e2000000,0x00000000e2278020,0x00000000e2280000)
  to   space 7168K, 0% used [0x00000000e4700000,0x00000000e4700000,0x00000000e4e00000)
 ParOldGen       total 44032K, used 8094K [0x00000000a0000000, 0x00000000a2b00000, 0x00000000e0000000)
  object space 44032K, 18% used [0x00000000a0000000,0x00000000a07e7a38,0x00000000a2b00000)
 Metaspace       used 16700K, capacity 17104K, committed 17152K, reserved 1064960K
  class space    used 2388K, capacity 2527K, committed 2560K, reserved 1048576K

Card table byte_map: [0x0000000011fe0000,0x00000000122f0000] byte_map_base: 0x0000000011ae0000

Marking Bits: (ParMarkBitMap*) 0x0000000062b92f70
 Begin Bits: [0x00000000128f0000, 0x00000000140f0000)
 End Bits:   [0x00000000140f0000, 0x00000000158f0000)

Polling page: 0x0000000002820000

CodeCache: size=245760Kb used=5292Kb max_used=5292Kb free=240467Kb
 bounds [0x0000000002c20000, 0x0000000003150000, 0x0000000011c20000]
 total_blobs=1911 nmethods=1517 adapters=306
 compilation: enabled

Compilation events (10 events):
Event: 7.675 Thread 0x00000000165a0800 1520       3       java.util.StringTokenizer::setMaxDelimCodePoint (156 bytes)
Event: 7.677 Thread 0x00000000165a0800 nmethod 1520 0x000000000314b1d0 code [0x000000000314b3c0, 0x000000000314bea8]
Event: 7.679 Thread 0x00000000165a0800 1521       3       java.lang.AbstractStringBuilder::append (50 bytes)
Event: 7.679 Thread 0x00000000165a0800 nmethod 1521 0x000000000314c2d0 code [0x000000000314c460, 0x000000000314c968]
Event: 7.691 Thread 0x00000000165a0800 1522       3       java.util.regex.Pattern$Ctype::isSatisfiedBy (24 bytes)
Event: 7.692 Thread 0x00000000165a0800 nmethod 1522 0x000000000314cb50 code [0x000000000314ccc0, 0x000000000314d050]
Event: 7.692 Thread 0x00000000165a0800 1523       3       java.util.regex.Pattern$5::isSatisfiedBy (28 bytes)
Event: 7.692 Thread 0x00000000165a0800 nmethod 1523 0x000000000314d1d0 code [0x000000000314d360, 0x000000000314d6f8]
Event: 7.703 Thread 0x00000000165a0800 1524       3       java.util.regex.Pattern$BitClass::isSatisfiedBy (22 bytes)
Event: 7.703 Thread 0x00000000165a0800 nmethod 1524 0x0000000003117d50 code [0x0000000003117ec0, 0x00000000031180d0]

GC Heap History (10 events):
Event: 1.794 GC heap before
{Heap before GC invocations=1 (full 0):
 PSYoungGen      total 18944K, used 16384K [0x00000000e0000000, 0x00000000e1500000, 0x0000000100000000)
  eden space 16384K, 100% used [0x00000000e0000000,0x00000000e1000000,0x00000000e1000000)
  from space 2560K, 0% used [0x00000000e1280000,0x00000000e1280000,0x00000000e1500000)
  to   space 2560K, 0% used [0x00000000e1000000,0x00000000e1000000,0x00000000e1280000)
 ParOldGen       total 44032K, used 0K [0x00000000a0000000, 0x00000000a2b00000, 0x00000000e0000000)
  object space 44032K, 0% used [0x00000000a0000000,0x00000000a0000000,0x00000000a2b00000)
 Metaspace       used 6228K, capacity 6308K, committed 6528K, reserved 1056768K
  class space    used 783K, capacity 824K, committed 896K, reserved 1048576K
Event: 1.804 GC heap after
Heap after GC invocations=1 (full 0):
 PSYoungGen      total 18944K, used 2545K [0x00000000e0000000, 0x00000000e1500000, 0x0000000100000000)
  eden space 16384K, 0% used [0x00000000e0000000,0x00000000e0000000,0x00000000e1000000)
  from space 2560K, 99% used [0x00000000e1000000,0x00000000e127c518,0x00000000e1280000)
  to   space 2560K, 0% used [0x00000000e1280000,0x00000000e1280000,0x00000000e1500000)
 ParOldGen       total 44032K, used 556K [0x00000000a0000000, 0x00000000a2b00000, 0x00000000e0000000)
  object space 44032K, 1% used [0x00000000a0000000,0x00000000a008b118,0x00000000a2b00000)
 Metaspace       used 6228K, capacity 6308K, committed 6528K, reserved 1056768K
  class space    used 783K, capacity 824K, committed 896K, reserved 1048576K
}
Event: 2.585 GC heap before
{Heap before GC invocations=2 (full 0):
 PSYoungGen      total 18944K, used 18929K [0x00000000e0000000, 0x00000000e1500000, 0x0000000100000000)
  eden space 16384K, 100% used [0x00000000e0000000,0x00000000e1000000,0x00000000e1000000)
  from space 2560K, 99% used [0x00000000e1000000,0x00000000e127c518,0x00000000e1280000)
  to   space 2560K, 0% used [0x00000000e1280000,0x00000000e1280000,0x00000000e1500000)
 ParOldGen       total 44032K, used 556K [0x00000000a0000000, 0x00000000a2b00000, 0x00000000e0000000)
  object space 44032K, 1% used [0x00000000a0000000,0x00000000a008b118,0x00000000a2b00000)
 Metaspace       used 6836K, capacity 6948K, committed 7040K, reserved 1056768K
  class space    used 859K, capacity 888K, committed 896K, reserved 1048576K
Event: 2.628 GC heap after
Heap after GC invocations=2 (full 0):
 PSYoungGen      total 18944K, used 2377K [0x00000000e0000000, 0x00000000e2500000, 0x0000000100000000)
  eden space 16384K, 0% used [0x00000000e0000000,0x00000000e0000000,0x00000000e1000000)
  from space 2560K, 92% used [0x00000000e1280000,0x00000000e14d25a0,0x00000000e1500000)
  to   space 2560K, 0% used [0x00000000e1000000,0x00000000e1000000,0x00000000e1280000)
 ParOldGen       total 44032K, used 564K [0x00000000a0000000, 0x00000000a2b00000, 0x00000000e0000000)
  object space 44032K, 1% used [0x00000000a0000000,0x00000000a008d118,0x00000000a2b00000)
 Metaspace       used 6836K, capacity 6948K, committed 7040K, reserved 1056768K
  class space    used 859K, capacity 888K, committed 896K, reserved 1048576K
}
Event: 3.598 GC heap before
{Heap before GC invocations=3 (full 0):
 PSYoungGen      total 18944K, used 18761K [0x00000000e0000000, 0x00000000e2500000, 0x0000000100000000)
  eden space 16384K, 100% used [0x00000000e0000000,0x00000000e1000000,0x00000000e1000000)
  from space 2560K, 92% used [0x00000000e1280000,0x00000000e14d25a0,0x00000000e1500000)
  to   space 2560K, 0% used [0x00000000e1000000,0x00000000e1000000,0x00000000e1280000)
 ParOldGen       total 44032K, used 564K [0x00000000a0000000, 0x00000000a2b00000, 0x00000000e0000000)
  object space 44032K, 1% used [0x00000000a0000000,0x00000000a008d118,0x00000000a2b00000)
 Metaspace       used 8718K, capacity 8866K, committed 9216K, reserved 1056768K
  class space    used 1135K, capacity 1185K, committed 1280K, reserved 1048576K
Event: 3.616 GC heap after
Heap after GC invocations=3 (full 0):
 PSYoungGen      total 18944K, used 2528K [0x00000000e0000000, 0x00000000e2500000, 0x0000000100000000)
  eden space 16384K, 0% used [0x00000000e0000000,0x00000000e0000000,0x00000000e1000000)
  from space 2560K, 98% used [0x00000000e1000000,0x00000000e1278020,0x00000000e1280000)
  to   space 2560K, 0% used [0x00000000e2280000,0x00000000e2280000,0x00000000e2500000)
 ParOldGen       total 44032K, used 1628K [0x00000000a0000000, 0x00000000a2b00000, 0x00000000e0000000)
  object space 44032K, 3% used [0x00000000a0000000,0x00000000a0197128,0x00000000a2b00000)
 Metaspace       used 8718K, capacity 8866K, committed 9216K, reserved 1056768K
  class space    used 1135K, capacity 1185K, committed 1280K, reserved 1048576K
}
Event: 5.521 GC heap before
{Heap before GC invocations=4 (full 0):
 PSYoungGen      total 18944K, used 18912K [0x00000000e0000000, 0x00000000e2500000, 0x0000000100000000)
  eden space 16384K, 100% used [0x00000000e0000000,0x00000000e1000000,0x00000000e1000000)
  from space 2560K, 98% used [0x00000000e1000000,0x00000000e1278020,0x00000000e1280000)
  to   space 2560K, 0% used [0x00000000e2280000,0x00000000e2280000,0x00000000e2500000)
 ParOldGen       total 44032K, used 1628K [0x00000000a0000000, 0x00000000a2b00000, 0x00000000e0000000)
  object space 44032K, 3% used [0x00000000a0000000,0x00000000a0197128,0x00000000a2b00000)
 Metaspace       used 13035K, capacity 13410K, committed 13440K, reserved 1060864K
  class space    used 1770K, capacity 1902K, committed 1920K, reserved 1048576K
Event: 5.530 GC heap after
Heap after GC invocations=4 (full 0):
 PSYoungGen      total 35328K, used 2528K [0x00000000e0000000, 0x00000000e2500000, 0x0000000100000000)
  eden space 32768K, 0% used [0x00000000e0000000,0x00000000e0000000,0x00000000e2000000)
  from space 2560K, 98% used [0x00000000e2280000,0x00000000e24f8020,0x00000000e2500000)
  to   space 2560K, 0% used [0x00000000e2000000,0x00000000e2000000,0x00000000e2280000)
 ParOldGen       total 44032K, used 3903K [0x00000000a0000000, 0x00000000a2b00000, 0x00000000e0000000)
  object space 44032K, 8% used [0x00000000a0000000,0x00000000a03cfce8,0x00000000a2b00000)
 Metaspace       used 13035K, capacity 13410K, committed 13440K, reserved 1060864K
  class space    used 1770K, capacity 1902K, committed 1920K, reserved 1048576K
}
Event: 7.548 GC heap before
{Heap before GC invocations=5 (full 0):
 PSYoungGen      total 35328K, used 35296K [0x00000000e0000000, 0x00000000e2500000, 0x0000000100000000)
  eden space 32768K, 100% used [0x00000000e0000000,0x00000000e2000000,0x00000000e2000000)
  from space 2560K, 98% used [0x00000000e2280000,0x00000000e24f8020,0x00000000e2500000)
  to   space 2560K, 0% used [0x00000000e2000000,0x00000000e2000000,0x00000000e2280000)
 ParOldGen       total 44032K, used 3903K [0x00000000a0000000, 0x00000000a2b00000, 0x00000000e0000000)
  object space 44032K, 8% used [0x00000000a0000000,0x00000000a03cfce8,0x00000000a2b00000)
 Metaspace       used 16291K, capacity 16656K, committed 16896K, reserved 1062912K
  class space    used 2332K, capacity 2463K, committed 2560K, reserved 1048576K
Event: 7.556 GC heap after
Heap after GC invocations=5 (full 0):
 PSYoungGen      total 35328K, used 2528K [0x00000000e0000000, 0x00000000e4e00000, 0x0000000100000000)
  eden space 32768K, 0% used [0x00000000e0000000,0x00000000e0000000,0x00000000e2000000)
  from space 2560K, 98% used [0x00000000e2000000,0x00000000e2278020,0x00000000e2280000)
  to   space 7168K, 0% used [0x00000000e4700000,0x00000000e4700000,0x00000000e4e00000)
 ParOldGen       total 44032K, used 8094K [0x00000000a0000000, 0x00000000a2b00000, 0x00000000e0000000)
  object space 44032K, 18% used [0x00000000a0000000,0x00000000a07e7a38,0x00000000a2b00000)
 Metaspace       used 16291K, capacity 16656K, committed 16896K, reserved 1062912K
  class space    used 2332K, capacity 2463K, committed 2560K, reserved 1048576K
}

Deoptimization events (10 events):
Event: 6.626 Thread 0x0000000019415800 Uncommon trap: reason=bimorphic action=maybe_recompile pc=0x00000000030948b0 method=java.lang.ClassLoader.loadClass(Ljava/lang/String;Z)Ljava/lang/Class; @ 38
Event: 6.627 Thread 0x0000000019415800 Uncommon trap: reason=bimorphic action=maybe_recompile pc=0x00000000030948b0 method=java.lang.ClassLoader.loadClass(Ljava/lang/String;Z)Ljava/lang/Class; @ 38
Event: 6.628 Thread 0x0000000019415800 Uncommon trap: reason=bimorphic action=maybe_recompile pc=0x00000000030948b0 method=java.lang.ClassLoader.loadClass(Ljava/lang/String;Z)Ljava/lang/Class; @ 38
Event: 7.501 Thread 0x0000000019415800 Uncommon trap: reason=bimorphic action=maybe_recompile pc=0x0000000003129b14 method=java.lang.ClassLoader.getPackage(Ljava/lang/String;)Ljava/lang/Package; @ 47
Event: 7.505 Thread 0x0000000019415800 Uncommon trap: reason=bimorphic action=maybe_recompile pc=0x0000000003129b14 method=java.lang.ClassLoader.getPackage(Ljava/lang/String;)Ljava/lang/Package; @ 47
Event: 7.508 Thread 0x0000000019415800 Uncommon trap: reason=bimorphic action=maybe_recompile pc=0x0000000003129b14 method=java.lang.ClassLoader.getPackage(Ljava/lang/String;)Ljava/lang/Package; @ 47
Event: 7.517 Thread 0x0000000019415800 Uncommon trap: reason=bimorphic action=maybe_recompile pc=0x0000000003129b14 method=java.lang.ClassLoader.getPackage(Ljava/lang/String;)Ljava/lang/Package; @ 47
Event: 7.615 Thread 0x0000000019415800 Uncommon trap: reason=predicate action=maybe_recompile pc=0x00000000030f9ec8 method=sun.security.provider.DigestBase.implCompressMultiBlock([BII)I @ 5
Event: 7.673 Thread 0x0000000019415800 Uncommon trap: reason=unstable_if action=reinterpret pc=0x0000000002f0f4ec method=java.lang.AbstractStringBuilder.append(Ljava/lang/String;)Ljava/lang/AbstractStringBuilder; @ 1
Event: 7.673 Thread 0x0000000019415800 Uncommon trap: reason=unstable_if action=reinterpret pc=0x0000000002e49f18 method=java.lang.AbstractStringBuilder.append(Ljava/lang/String;)Ljava/lang/AbstractStringBuilder; @ 1

Internal exceptions (10 events):
Event: 6.404 Thread 0x0000000019415800 Exception <a 'java/lang/NoSuchMethodError': <clinit>> (0x00000000e1c96888) thrown at [C:\re\workspace\8-2-build-windows-amd64-cygwin\jdk8u91\7017\hotspot\src\share\vm\prims\jni.cpp, line 1613]
Event: 6.631 Thread 0x0000000019415800 Exception <a 'java/lang/NoSuchMethodError': <clinit>> (0x00000000e1dd8bd8) thrown at [C:\re\workspace\8-2-build-windows-amd64-cygwin\jdk8u91\7017\hotspot\src\share\vm\prims\jni.cpp, line 1613]
Event: 7.125 Thread 0x0000000019415800 Exception <a 'java/lang/NoSuchMethodError': <clinit>> (0x00000000e1e22c70) thrown at [C:\re\workspace\8-2-build-windows-amd64-cygwin\jdk8u91\7017\hotspot\src\share\vm\prims\jni.cpp, line 1613]
Event: 7.127 Thread 0x0000000019415800 Exception <a 'java/lang/NoSuchMethodError': <clinit>> (0x00000000e1e35f60) thrown at [C:\re\workspace\8-2-build-windows-amd64-cygwin\jdk8u91\7017\hotspot\src\share\vm\prims\jni.cpp, line 1613]
Event: 7.128 Thread 0x0000000019415800 Exception <a 'java/lang/NoSuchMethodError': <clinit>> (0x00000000e1e42510) thrown at [C:\re\workspace\8-2-build-windows-amd64-cygwin\jdk8u91\7017\hotspot\src\share\vm\prims\jni.cpp, line 1613]
Event: 7.130 Thread 0x0000000019415800 Exception <a 'java/lang/NoSuchMethodError': <clinit>> (0x00000000e1e4ec98) thrown at [C:\re\workspace\8-2-build-windows-amd64-cygwin\jdk8u91\7017\hotspot\src\share\vm\prims\jni.cpp, line 1613]
Event: 7.516 Thread 0x0000000019415800 Exception <a 'java/lang/NoSuchMethodError': <clinit>> (0x00000000e1edad80) thrown at [C:\re\workspace\8-2-build-windows-amd64-cygwin\jdk8u91\7017\hotspot\src\share\vm\prims\jni.cpp, line 1613]
Event: 7.519 Thread 0x0000000019415800 Exception <a 'java/lang/NoSuchMethodError': <clinit>> (0x00000000e1ee9d00) thrown at [C:\re\workspace\8-2-build-windows-amd64-cygwin\jdk8u91\7017\hotspot\src\share\vm\prims\jni.cpp, line 1613]
Event: 7.673 Thread 0x0000000019415800 Implicit null exception at 0x0000000002f0f196 to 0x0000000002f0f4d5
Event: 7.673 Thread 0x0000000019415800 Implicit null exception at 0x0000000002e49bd6 to 0x0000000002e49f01

Events (10 events):
Event: 7.689 loading class org/gradle/groovy/scripts/internal/FileCacheBackedScriptClassCompiler$BuildScriptRemapper
Event: 7.689 loading class org/gradle/groovy/scripts/internal/FileCacheBackedScriptClassCompiler$BuildScriptRemapper done
Event: 7.690 loading class org/objectweb/asm/Opcodes
Event: 7.690 loading class org/objectweb/asm/Opcodes done
Event: 7.695 loading class org/gradle/cache/internal/DefaultPersistentDirectoryCache$Initializer
Event: 7.695 loading class org/gradle/cache/internal/DefaultPersistentDirectoryCache$Initializer done
Event: 7.700 loading class org/gradle/cache/internal/FixedSharedModeCrossProcessCacheAccess$1
Event: 7.700 loading class org/gradle/cache/internal/FixedSharedModeCrossProcessCacheAccess$1 done
Event: 7.702 loading class org/gradle/groovy/scripts/internal/FileCacheBackedScriptClassCompiler$CompileToCrossBuildCacheAction
Event: 7.702 loading class org/gradle/groovy/scripts/internal/FileCacheBackedScriptClassCompiler$CompileToCrossBuildCacheAction done


Dynamic libraries:
0x00007ff750d30000 - 0x00007ff750d67000 	C:\Program Files\Java\jdk1.8.0_91\bin\java.exe
0x00007ffd54ac0000 - 0x00007ffd54c81000 	C:\WINDOWS\SYSTEM32\ntdll.dll
0x00007ffd51ec0000 - 0x00007ffd51f6d000 	C:\WINDOWS\system32\KERNEL32.DLL
0x00007ffd51900000 - 0x00007ffd51ae8000 	C:\WINDOWS\system32\KERNELBASE.dll
0x00007ffd53c10000 - 0x00007ffd53cb7000 	C:\WINDOWS\system32\ADVAPI32.dll
0x00007ffd53cc0000 - 0x00007ffd53d5d000 	C:\WINDOWS\system32\msvcrt.dll
0x00007ffd54370000 - 0x00007ffd543cb000 	C:\WINDOWS\system32\sechost.dll
0x00007ffd52040000 - 0x00007ffd5215d000 	C:\WINDOWS\system32\RPCRT4.dll
0x00007ffd52200000 - 0x00007ffd52356000 	C:\WINDOWS\system32\USER32.dll
0x00007ffd52370000 - 0x00007ffd524f7000 	C:\WINDOWS\system32\GDI32.dll
0x00007ffd41070000 - 0x00007ffd412e4000 	C:\WINDOWS\WinSxS\amd64_microsoft.windows.common-controls_6595b64144ccf1df_6.0.10586.839_none_a2ddba30a539a2ae\COMCTL32.dll
0x00007ffd54430000 - 0x00007ffd546ae000 	C:\WINDOWS\system32\combase.dll
0x00007ffd51220000 - 0x00007ffd5128a000 	C:\WINDOWS\system32\bcryptPrimitives.dll
0x00007ffd546b0000 - 0x00007ffd546eb000 	C:\WINDOWS\system32\IMM32.DLL
0x0000000062db0000 - 0x0000000062e82000 	C:\Program Files\Java\jdk1.8.0_91\jre\bin\msvcr100.dll
0x0000000062380000 - 0x0000000062c13000 	C:\Program Files\Java\jdk1.8.0_91\jre\bin\server\jvm.dll
0x00007ffd53dd0000 - 0x00007ffd53dd8000 	C:\WINDOWS\system32\PSAPI.DLL
0x00007ffd4f420000 - 0x00007ffd4f443000 	C:\WINDOWS\SYSTEM32\WINMM.dll
0x00007ffd4bef0000 - 0x00007ffd4befa000 	C:\WINDOWS\SYSTEM32\VERSION.dll
0x00000000010a0000 - 0x00000000010cc000 	C:\WINDOWS\SYSTEM32\WINMMBASE.dll
0x00007ffd51170000 - 0x00007ffd511b3000 	C:\WINDOWS\system32\cfgmgr32.dll
0x00007ffd4bb70000 - 0x00007ffd4bb79000 	C:\WINDOWS\SYSTEM32\WSOCK32.dll
0x00007ffd53d60000 - 0x00007ffd53dcb000 	C:\WINDOWS\system32\WS2_32.dll
0x0000000062da0000 - 0x0000000062daf000 	C:\Program Files\Java\jdk1.8.0_91\jre\bin\verify.dll
0x0000000062d70000 - 0x0000000062d99000 	C:\Program Files\Java\jdk1.8.0_91\jre\bin\java.dll
0x0000000062d50000 - 0x0000000062d66000 	C:\Program Files\Java\jdk1.8.0_91\jre\bin\zip.dll
0x00007ffd52560000 - 0x00007ffd53abc000 	C:\WINDOWS\system32\SHELL32.dll
0x00007ffd512b0000 - 0x00007ffd518f5000 	C:\WINDOWS\system32\windows.storage.dll
0x00007ffd543d0000 - 0x00007ffd54422000 	C:\WINDOWS\system32\shlwapi.dll
0x00007ffd51130000 - 0x00007ffd5113f000 	C:\WINDOWS\system32\kernel.appcore.dll
0x00007ffd51c30000 - 0x00007ffd51ce5000 	C:\WINDOWS\system32\shcore.dll
0x00007ffd510e0000 - 0x00007ffd5112b000 	C:\WINDOWS\system32\powrprof.dll
0x00007ffd51150000 - 0x00007ffd51164000 	C:\WINDOWS\system32\profapi.dll
0x0000000062d30000 - 0x0000000062d4a000 	C:\Program Files\Java\jdk1.8.0_91\jre\bin\net.dll
0x00007ffd509b0000 - 0x00007ffd50a0c000 	C:\WINDOWS\system32\mswsock.dll
0x0000000062d10000 - 0x0000000062d21000 	C:\Program Files\Java\jdk1.8.0_91\jre\bin\nio.dll
0x00007ffd41970000 - 0x00007ffd4198e000 	C:\Users\The Dough Boys\.gradle\native\23\windows-amd64\native-platform.dll
0x00007ffd50a60000 - 0x00007ffd50a77000 	C:\WINDOWS\SYSTEM32\CRYPTSP.dll
0x00007ffd506f0000 - 0x00007ffd50724000 	C:\WINDOWS\system32\rsaenh.dll
0x00007ffd51010000 - 0x00007ffd51039000 	C:\WINDOWS\SYSTEM32\bcrypt.dll
0x00007ffd50840000 - 0x00007ffd5085f000 	C:\WINDOWS\SYSTEM32\USERENV.dll
0x00007ffd50b80000 - 0x00007ffd50b8b000 	C:\WINDOWS\SYSTEM32\CRYPTBASE.dll
0x00007ffd4bb30000 - 0x00007ffd4bb68000 	C:\WINDOWS\SYSTEM32\IPHLPAPI.DLL
0x00007ffd52160000 - 0x00007ffd52168000 	C:\WINDOWS\system32\NSI.dll
0x00007ffd4aca0000 - 0x00007ffd4acb6000 	C:\WINDOWS\SYSTEM32\dhcpcsvc6.DLL
0x00007ffd4ad60000 - 0x00007ffd4ad7a000 	C:\WINDOWS\SYSTEM32\dhcpcsvc.DLL
0x0000000062d00000 - 0x0000000062d0d000 	C:\Program Files\Java\jdk1.8.0_91\jre\bin\management.dll

VM Arguments:
jvm_args: -Xmx1536m -Dfile.encoding=windows-1252 -Duser.country=US -Duser.language=en -Duser.variant 
java_command: org.gradle.launcher.daemon.bootstrap.GradleDaemon 3.3
java_class_path (initial): C:\Users\The Dough Boys\.gradle\wrapper\dists\gradle-3.3-all\55gk2rcmfc6p2dg9u9ohc3hw9\gradle-3.3\lib\gradle-launcher-3.3.jar
Launcher Type: SUN_STANDARD

Environment Variables:
JAVA_HOME=C:\Program Files\Java\jdk1.8.0_91
PATH=C:\ProgramData\Oracle\Java\javapath;c:\Program Files (x86)\Intel\iCLS Client\;c:\Program Files\Intel\iCLS Client\;C:\WINDOWS\system32;C:\WINDOWS;C:\WINDOWS\System32\Wbem;C:\WINDOWS\System32\WindowsPowerShell\v1.0\;C:\Program Files\Intel\Intel(R) Management Engine Components\DAL;C:\Program Files\Intel\Intel(R) Management Engine Components\IPT;C:\Program Files (x86)\Intel\Intel(R) Management Engine Components\DAL;C:\Program Files (x86)\Intel\Intel(R) Management Engine Components\IPT;C:\Program Files (x86)\Intel\OpenCL SDK\2.0\bin\x86;C:\Program Files (x86)\Intel\OpenCL SDK\2.0\bin\x64;C:\Program Files (x86)\Windows Live\Shared;C:\Program Files (x86)\Skype\Phone\;C:\Program Files (x86)\QuickTime\QTSystem\;C:\Program Files\Git\cmd;C:\Users\The Dough Boys\Anaconda3;C:\Users\The Dough Boys\Anaconda3\Scripts;C:\Users\The Dough Boys\Anaconda3\Library\bin;C:\Users\The Dough Boys\AppData\Local\Programs\Python\Python35-32\Scripts\;C:\Users\The Dough Boys\AppData\Local\Programs\Python\Python35-32\;C:\Users\The Dough Boys\AppData\Local\GitHubDesktop\bin;C:\Program Files\gradle-4.2.1-bin\gradle-4.2.1\bin
USERNAME=The Dough Boys
OS=Windows_NT
PROCESSOR_IDENTIFIER=Intel64 Family 6 Model 58 Stepping 9, GenuineIntel



---------------  S Y S T E M  ---------------

OS: Windows 10.0 , 64 bit Build 10586 (10.0.10586.589)

CPU:total 4 (2 cores per cpu, 2 threads per core) family 6 model 58 stepping 9, cmov, cx8, fxsr, mmx, sse, sse2, sse3, ssse3, sse4.1, sse4.2, popcnt, avx, aes, clmul, erms, ht, tsc, tscinvbit, tscinv

Memory: 4k page, physical 4077148k(258900k free), swap 8924636k(6408k free)

vm_info: Java HotSpot(TM) 64-Bit Server VM (25.91-b15) for windows-amd64 JRE (1.8.0_91-b15), built on May 20 2016 17:43:15 by "java_re" with MS VC++ 10.0 (VS2010)

time: Mon Nov 06 14:15:08 2017
elapsed time: 7 seconds (0d 0h 0m 7s)

